<?xml version="1.0" encoding="UTF-8"?>
<!-- Generated by org.testng.reporters.JUnitReportReporter -->
<testsuite skipped="1" hostname="LAPTOP-URDNL5DL" name="com.My_Maven_Projects.New" tests="25" failures="0" timestamp="2022-09-30T20:05:26 IST" time="0.053" errors="0">
  <testcase name="S" time="0.015" classname="com.My_Maven_Projects.New"/>
  <system-out/>
  <testcase name="R" time="0.001" classname="com.My_Maven_Projects.New"/>
  <system-out/>
  <testcase name="I" time="0.003" classname="com.My_Maven_Projects.New"/>
  <system-out/>
  <testcase name="N" time="0.001" classname="com.My_Maven_Projects.New"/>
  <system-out/>
  <testcase name="A" time="0.003" classname="com.My_Maven_Projects.New"/>
  <system-out/>
  <testcase name="H" time="0.002" classname="com.My_Maven_Projects.New"/>
  <system-out/>
  <testcase name="K" time="0.001" classname="com.My_Maven_Projects.New"/>
  <system-out/>
  <testcase name="M" time="0.001" classname="com.My_Maven_Projects.New"/>
  <system-out/>
  <testcase name="E" time="0.002" classname="com.My_Maven_Projects.New"/>
  <system-out/>
  <testcase name="P" time="0.001" classname="com.My_Maven_Projects.New"/>
  <system-out/>
  <testcase name="Z" time="0.002" classname="com.My_Maven_Projects.New"/>
  <system-out/>
  <testcase name="L" time="0.002" classname="com.My_Maven_Projects.New"/>
  <system-out/>
  <testcase name="G" time="0.002" classname="com.My_Maven_Projects.New"/>
  <system-out/>
  <testcase name="C" time="0.002" classname="com.My_Maven_Projects.New"/>
  <system-out/>
  <testcase name="Q" time="0.001" classname="com.My_Maven_Projects.New"/>
  <system-out/>
  <testcase name="U" time="0.002" classname="com.My_Maven_Projects.New"/>
  <system-out/>
  <testcase name="O" time="0.001" classname="com.My_Maven_Projects.New"/>
  <system-out/>
  <testcase name="D" time="0.003" classname="com.My_Maven_Projects.New"/>
  <system-out/>
  <testcase name="J" time="0.001" classname="com.My_Maven_Projects.New"/>
  <system-out/>
  <testcase name="T" time="0.002" classname="com.My_Maven_Projects.New"/>
  <system-out/>
  <testcase name="Y" time="0.001" classname="com.My_Maven_Projects.New"/>
  <system-out/>
  <testcase name="B" time="0.002" classname="com.My_Maven_Projects.New"/>
  <system-out/>
  <testcase name="F" time="0.001" classname="com.My_Maven_Projects.New"/>
  <system-out/>
  <testcase name="V" time="0.001" classname="com.My_Maven_Projects.New"/>
  <system-out/>
  <testcase name="X" classname="com.My_Maven_Projects.New">
    <skipped/>
  </testcase> <!-- X -->
  <system-out/>
</testsuite> <!-- com.My_Maven_Projects.New -->
