<?xml version="1.0" encoding="UTF-8"?>
<!-- Generated by org.testng.reporters.JUnitReportReporter -->
<testsuite skipped="0" hostname="LAPTOP-URDNL5DL" name="com.My_Maven_Projects.Testng" tests="2" failures="0" timestamp="2022-09-30T21:20:50 IST" time="7.091" errors="0">
  <testcase name="facebook" time="3.956" classname="com.My_Maven_Projects.Testng"/>
  <system-out/>
  <testcase name="hotstar" time="3.135" classname="com.My_Maven_Projects.Testng"/>
  <system-out/>
</testsuite> <!-- com.My_Maven_Projects.Testng -->
